<?xml version="1.0" encoding="UTF-8"?>
<!-- Generated by org.testng.reporters.JUnitReportReporter -->
<testsuite hostname="DESKTOP-532GCGK" failures="0" tests="1" name="verifySeleinumPage" time="1.893" errors="0" timestamp="2023-11-12T15:03:11 EET" skipped="0">
  <testcase classname="verifySeleinumPage" name="TesTverifySeleinumPage" time="1.893"/>
  <system-out/>
</testsuite> <!-- verifySeleinumPage -->
