<?xml version="1.0" encoding="UTF-8"?>
<!-- Generated by org.testng.reporters.JUnitReportReporter -->
<testsuite hostname="DESKTOP-532GCGK" failures="0" tests="1" name="verifyGoogleLogoIsDisplayed" time="1.369" errors="0" timestamp="2023-11-12T15:28:00 EET" skipped="0">
  <testcase classname="verifyGoogleLogoIsDisplayed" name="verifyLogo" time="1.369"/>
  <system-out/>
</testsuite> <!-- verifyGoogleLogoIsDisplayed -->
